<?xml version="1.0" encoding="UTF-8"?>
<testsuite xmlns:xsi="http://www.w3.org/2001/XMLSchema-instance" xsi:noNamespaceSchemaLocation="https://maven.apache.org/surefire/maven-surefire-plugin/xsd/surefire-test-report-3.0.xsd" version="3.0" name="testRunners.FullRegressionTestRunner" time="38.238" tests="2" errors="0" skipped="0" failures="0">
  <properties>
[...]
</properties>
  <testcase name="Verify that the location in the header title on properties results page matches the location entered on search page" classname="For Sale Properties Results Header Title" time="26.528"/>
  <testcase name="Verify that the user can sign in successfully in to Zoopla" classname="Signin to Zoopla" time="10.974"/>
</testsuite>